2021-11-04 08:31:04 INFO  .:69 - The execution of method loadFiles started here ...
2021-11-04 08:31:04 INFO  .:84 - The execution of method loadFiles ended here ...
2021-11-04 08:31:07 INFO  .:86 - The execution of method navigate started here ...
2021-11-04 08:31:14 INFO  .:98 - The execution of method navigate ended here ...
2021-11-04 08:31:14 INFO  .:166 - In Test Scenario Login the method navigate execution status is :Pass
2021-11-04 08:31:15 INFO  .:32 - The execution of method login started here ...
2021-11-04 08:31:20 INFO  .:50 - The execution of method login ended here ...
2021-11-04 08:31:20 INFO  .:166 - In Test Scenario Login the method login execution status is :Pass
2021-11-04 08:31:22 INFO  .:166 - In Test Scenario Login the method minimizeFlyOutWindow execution status is :Pass
2021-11-04 08:31:22 INFO  .:76 - The execution of method logout started here ...
2021-11-04 08:31:27 INFO  .:88 - The execution of method logout ended here ...
2021-11-04 08:31:27 INFO  .:166 - In Test Scenario Login the method logout execution status is :Pass
2021-11-04 08:31:27 INFO  .:121 - The execution of method closeApplication started here ...
2021-11-04 08:31:27 INFO  .:124 - The execution of method closeApplication ended here ...
2021-11-04 08:31:27 INFO  .:166 - In Test Scenario Login the method closeApplication execution status is :Pass
2021-11-04 08:31:27 INFO  .:180 - +++++++++++++++++++++++++++++++
2021-11-04 08:31:29 INFO  .:86 - The execution of method navigate started here ...
2021-11-04 08:31:36 INFO  .:98 - The execution of method navigate ended here ...
2021-11-04 08:31:36 INFO  .:166 - In Test Scenario CreateUser the method navigate execution status is :Pass
2021-11-04 08:31:36 INFO  .:32 - The execution of method login started here ...
2021-11-04 08:31:41 INFO  .:50 - The execution of method login ended here ...
2021-11-04 08:31:41 INFO  .:166 - In Test Scenario CreateUser the method login execution status is :Pass
2021-11-04 08:31:44 INFO  .:166 - In Test Scenario CreateUser the method minimizeFlyOutWindow execution status is :Pass
2021-11-04 08:31:44 INFO  .:32 - The execution of method createUser started here ...
2021-11-04 08:31:55 INFO  .:60 - The execution of method createUser ended here ...
2021-11-04 08:31:55 INFO  .:166 - In Test Scenario CreateUser the method createUser execution status is :Pass
2021-11-04 08:31:55 INFO  .:131 - The execution of method deleteUser started here ...
2021-11-04 08:32:04 INFO  .:147 - The execution of method deleteUser ended here ...
2021-11-04 08:32:04 INFO  .:166 - In Test Scenario CreateUser the method deleteUser execution status is :Pass
2021-11-04 08:32:05 INFO  .:76 - The execution of method logout started here ...
2021-11-04 08:32:09 INFO  .:88 - The execution of method logout ended here ...
2021-11-04 08:32:09 INFO  .:166 - In Test Scenario CreateUser the method logout execution status is :Pass
2021-11-04 08:32:09 INFO  .:121 - The execution of method closeApplication started here ...
2021-11-04 08:32:09 INFO  .:124 - The execution of method closeApplication ended here ...
2021-11-04 08:32:09 INFO  .:166 - In Test Scenario CreateUser the method closeApplication execution status is :Pass
2021-11-04 08:32:09 INFO  .:180 - +++++++++++++++++++++++++++++++
2021-11-04 08:32:11 INFO  .:86 - The execution of method navigate started here ...
2021-11-04 08:32:18 INFO  .:98 - The execution of method navigate ended here ...
2021-11-04 08:32:18 INFO  .:166 - In Test Scenario ModifyUser the method navigate execution status is :Pass
2021-11-04 08:32:18 INFO  .:32 - The execution of method login started here ...
2021-11-04 08:32:23 INFO  .:50 - The execution of method login ended here ...
2021-11-04 08:32:23 INFO  .:166 - In Test Scenario ModifyUser the method login execution status is :Pass
2021-11-04 08:32:26 INFO  .:166 - In Test Scenario ModifyUser the method minimizeFlyOutWindow execution status is :Pass
2021-11-04 08:32:26 INFO  .:32 - The execution of method createUser started here ...
2021-11-04 08:32:37 INFO  .:60 - The execution of method createUser ended here ...
2021-11-04 08:32:37 INFO  .:166 - In Test Scenario ModifyUser the method createUser execution status is :Pass
2021-11-04 08:32:37 INFO  .:86 - The execution of method modifyUser started here ...
2021-11-04 08:32:46 INFO  .:106 - The execution of method modifyUser ended here ...
2021-11-04 08:32:46 INFO  .:166 - In Test Scenario ModifyUser the method modifyUser execution status is :Fail
2021-11-04 08:32:46 INFO  .:131 - The execution of method deleteUser started here ...
2021-11-04 08:32:55 INFO  .:147 - The execution of method deleteUser ended here ...
2021-11-04 08:32:55 INFO  .:166 - In Test Scenario ModifyUser the method deleteUser execution status is :Pass
2021-11-04 08:32:55 INFO  .:76 - The execution of method logout started here ...
2021-11-04 08:33:00 INFO  .:88 - The execution of method logout ended here ...
2021-11-04 08:33:00 INFO  .:166 - In Test Scenario ModifyUser the method logout execution status is :Pass
2021-11-04 08:33:00 INFO  .:121 - The execution of method closeApplication started here ...
2021-11-04 08:33:01 INFO  .:124 - The execution of method closeApplication ended here ...
2021-11-04 08:33:01 INFO  .:166 - In Test Scenario ModifyUser the method closeApplication execution status is :Pass
2021-11-04 08:33:01 INFO  .:180 - +++++++++++++++++++++++++++++++
2021-11-04 08:33:01 INFO  .:180 - +++++++++++++++++++++++++++++++
2021-11-04 08:33:01 INFO  .:180 - +++++++++++++++++++++++++++++++
2021-11-04 08:33:01 INFO  .:180 - +++++++++++++++++++++++++++++++
2021-11-04 08:33:01 INFO  .:180 - +++++++++++++++++++++++++++++++
2021-11-04 08:33:01 INFO  .:183 - The execution of method executeTestScenarios ended here ...
2021-11-04 08:33:01 INFO  .:205 - The execution of method endAutomationSuite ended here ...
2021-11-04 08:33:01 INFO  .:208 - The execution of method endAutomationSuite ended here ...
2021-11-05 07:27:02 INFO  .:69 - The execution of method loadFiles started here ...
2021-11-05 07:27:02 INFO  .:84 - The execution of method loadFiles ended here ...
2021-11-05 07:27:21 INFO  .:86 - The execution of method navigate started here ...
2021-11-05 07:27:33 ERROR .:101 - there is an exception arised during the execution of the method navigate,The Exception :org.openqa.selenium.WebDriverException: unknown error: net::ERR_CONNECTION_REFUSED
  (Session info: chrome=95.0.4638.54)
Build info: version: '3.141.59', revision: 'e82be7d358', time: '2018-11-14T08:17:03'
System info: host: 'SUMAN', ip: '192.168.0.5', os.name: 'Windows 10', os.arch: 'amd64', os.version: '10.0', java.version: '16.0.1'
Driver info: org.openqa.selenium.chrome.ChromeDriver
Capabilities {acceptInsecureCerts: false, browserName: chrome, browserVersion: 95.0.4638.54, chrome: {chromedriverVersion: 94.0.4606.61 (418b78f5838ed..., userDataDir: C:\Users\SUMANC~1\AppData\L...}, goog:chromeOptions: {debuggerAddress: localhost:56403}, javascriptEnabled: true, networkConnectionEnabled: false, pageLoadStrategy: normal, platform: WINDOWS, platformName: WINDOWS, proxy: Proxy(), setWindowRect: true, strictFileInteractability: false, timeouts: {implicit: 0, pageLoad: 300000, script: 30000}, unhandledPromptBehavior: dismiss and notify, webauthn:extension:credBlob: true, webauthn:extension:largeBlob: true, webauthn:virtualAuthenticators: true}
Session ID: 5b915826b66370750f6a1428d10ddd7c
2021-11-05 07:27:33 INFO  .:166 - In Test Scenario Login the method navigate execution status is :Fail
2021-11-05 07:27:34 INFO  .:32 - The execution of method login started here ...
2021-11-05 07:27:35 ERROR .:53 - there is an exception arised during the execution of the method login,The Exception :org.openqa.selenium.NoSuchElementException: no such element: Unable to locate element: {"method":"css selector","selector":"#username"}
  (Session info: chrome=95.0.4638.54)
For documentation on this error, please visit: https://www.seleniumhq.org/exceptions/no_such_element.html
Build info: version: '3.141.59', revision: 'e82be7d358', time: '2018-11-14T08:17:03'
System info: host: 'SUMAN', ip: '192.168.0.5', os.name: 'Windows 10', os.arch: 'amd64', os.version: '10.0', java.version: '16.0.1'
Driver info: org.openqa.selenium.chrome.ChromeDriver
Capabilities {acceptInsecureCerts: false, browserName: chrome, browserVersion: 95.0.4638.54, chrome: {chromedriverVersion: 94.0.4606.61 (418b78f5838ed..., userDataDir: C:\Users\SUMANC~1\AppData\L...}, goog:chromeOptions: {debuggerAddress: localhost:56403}, javascriptEnabled: true, networkConnectionEnabled: false, pageLoadStrategy: normal, platform: WINDOWS, platformName: WINDOWS, proxy: Proxy(), setWindowRect: true, strictFileInteractability: false, timeouts: {implicit: 0, pageLoad: 300000, script: 30000}, unhandledPromptBehavior: dismiss and notify, webauthn:extension:credBlob: true, webauthn:extension:largeBlob: true, webauthn:virtualAuthenticators: true}
Session ID: 5b915826b66370750f6a1428d10ddd7c
*** Element info: {Using=id, value=username}
2021-11-05 07:27:35 INFO  .:166 - In Test Scenario Login the method login execution status is :Fail
2021-11-05 07:27:38 INFO  .:166 - In Test Scenario Login the method minimizeFlyOutWindow execution status is :Fail
2021-11-05 07:27:39 INFO  .:76 - The execution of method logout started here ...
2021-11-05 07:27:39 ERROR .:91 - there is an exception arised during the execution of the method logout,The Exception :org.openqa.selenium.NoSuchElementException: no such element: Unable to locate element: {"method":"xpath","selector":"//a[text()='Logout']"}
  (Session info: chrome=95.0.4638.54)
For documentation on this error, please visit: https://www.seleniumhq.org/exceptions/no_such_element.html
Build info: version: '3.141.59', revision: 'e82be7d358', time: '2018-11-14T08:17:03'
System info: host: 'SUMAN', ip: '192.168.0.5', os.name: 'Windows 10', os.arch: 'amd64', os.version: '10.0', java.version: '16.0.1'
Driver info: org.openqa.selenium.chrome.ChromeDriver
Capabilities {acceptInsecureCerts: false, browserName: chrome, browserVersion: 95.0.4638.54, chrome: {chromedriverVersion: 94.0.4606.61 (418b78f5838ed..., userDataDir: C:\Users\SUMANC~1\AppData\L...}, goog:chromeOptions: {debuggerAddress: localhost:56403}, javascriptEnabled: true, networkConnectionEnabled: false, pageLoadStrategy: normal, platform: WINDOWS, platformName: WINDOWS, proxy: Proxy(), setWindowRect: true, strictFileInteractability: false, timeouts: {implicit: 0, pageLoad: 300000, script: 30000}, unhandledPromptBehavior: dismiss and notify, webauthn:extension:credBlob: true, webauthn:extension:largeBlob: true, webauthn:virtualAuthenticators: true}
Session ID: 5b915826b66370750f6a1428d10ddd7c
*** Element info: {Using=xpath, value=//a[text()='Logout']}
2021-11-05 07:27:40 INFO  .:166 - In Test Scenario Login the method logout execution status is :Fail
2021-11-05 07:27:40 INFO  .:121 - The execution of method closeApplication started here ...
2021-11-05 07:27:41 INFO  .:124 - The execution of method closeApplication ended here ...
2021-11-05 07:27:41 INFO  .:166 - In Test Scenario Login the method closeApplication execution status is :Pass
2021-11-05 07:27:41 INFO  .:180 - +++++++++++++++++++++++++++++++
2021-11-05 07:27:46 INFO  .:86 - The execution of method navigate started here ...
2021-11-05 07:28:00 ERROR .:101 - there is an exception arised during the execution of the method navigate,The Exception :org.openqa.selenium.WebDriverException: unknown error: net::ERR_CONNECTION_REFUSED
  (Session info: chrome=95.0.4638.54)
Build info: version: '3.141.59', revision: 'e82be7d358', time: '2018-11-14T08:17:03'
System info: host: 'SUMAN', ip: '192.168.0.5', os.name: 'Windows 10', os.arch: 'amd64', os.version: '10.0', java.version: '16.0.1'
Driver info: org.openqa.selenium.chrome.ChromeDriver
Capabilities {acceptInsecureCerts: false, browserName: chrome, browserVersion: 95.0.4638.54, chrome: {chromedriverVersion: 94.0.4606.61 (418b78f5838ed..., userDataDir: C:\Users\SUMANC~1\AppData\L...}, goog:chromeOptions: {debuggerAddress: localhost:50651}, javascriptEnabled: true, networkConnectionEnabled: false, pageLoadStrategy: normal, platform: WINDOWS, platformName: WINDOWS, proxy: Proxy(), setWindowRect: true, strictFileInteractability: false, timeouts: {implicit: 0, pageLoad: 300000, script: 30000}, unhandledPromptBehavior: dismiss and notify, webauthn:extension:credBlob: true, webauthn:extension:largeBlob: true, webauthn:virtualAuthenticators: true}
Session ID: cbce06a4f8c0807bf63dd3c37c2a65b6
2021-11-05 07:28:00 INFO  .:166 - In Test Scenario CreateUser the method navigate execution status is :Fail
2021-11-05 07:28:01 INFO  .:32 - The execution of method login started here ...
2021-11-05 07:28:01 ERROR .:53 - there is an exception arised during the execution of the method login,The Exception :org.openqa.selenium.NoSuchElementException: no such element: Unable to locate element: {"method":"css selector","selector":"#username"}
  (Session info: chrome=95.0.4638.54)
For documentation on this error, please visit: https://www.seleniumhq.org/exceptions/no_such_element.html
Build info: version: '3.141.59', revision: 'e82be7d358', time: '2018-11-14T08:17:03'
System info: host: 'SUMAN', ip: '192.168.0.5', os.name: 'Windows 10', os.arch: 'amd64', os.version: '10.0', java.version: '16.0.1'
Driver info: org.openqa.selenium.chrome.ChromeDriver
Capabilities {acceptInsecureCerts: false, browserName: chrome, browserVersion: 95.0.4638.54, chrome: {chromedriverVersion: 94.0.4606.61 (418b78f5838ed..., userDataDir: C:\Users\SUMANC~1\AppData\L...}, goog:chromeOptions: {debuggerAddress: localhost:50651}, javascriptEnabled: true, networkConnectionEnabled: false, pageLoadStrategy: normal, platform: WINDOWS, platformName: WINDOWS, proxy: Proxy(), setWindowRect: true, strictFileInteractability: false, timeouts: {implicit: 0, pageLoad: 300000, script: 30000}, unhandledPromptBehavior: dismiss and notify, webauthn:extension:credBlob: true, webauthn:extension:largeBlob: true, webauthn:virtualAuthenticators: true}
Session ID: cbce06a4f8c0807bf63dd3c37c2a65b6
*** Element info: {Using=id, value=username}
2021-11-05 07:28:02 INFO  .:166 - In Test Scenario CreateUser the method login execution status is :Fail
2021-11-05 07:28:02 INFO  .:166 - In Test Scenario CreateUser the method minimizeFlyOutWindow execution status is :Fail
2021-11-05 07:28:03 INFO  .:32 - The execution of method createUser started here ...
2021-11-05 07:28:04 ERROR .:63 - there is an exception arised during the execution of the method createUser,The Exception :org.openqa.selenium.NoSuchElementException: no such element: Unable to locate element: {"method":"xpath","selector":"//*[@id='topnav']/tbody/tr[1]/td[5]/a/div[2]"}
  (Session info: chrome=95.0.4638.54)
For documentation on this error, please visit: https://www.seleniumhq.org/exceptions/no_such_element.html
Build info: version: '3.141.59', revision: 'e82be7d358', time: '2018-11-14T08:17:03'
System info: host: 'SUMAN', ip: '192.168.0.5', os.name: 'Windows 10', os.arch: 'amd64', os.version: '10.0', java.version: '16.0.1'
Driver info: org.openqa.selenium.chrome.ChromeDriver
Capabilities {acceptInsecureCerts: false, browserName: chrome, browserVersion: 95.0.4638.54, chrome: {chromedriverVersion: 94.0.4606.61 (418b78f5838ed..., userDataDir: C:\Users\SUMANC~1\AppData\L...}, goog:chromeOptions: {debuggerAddress: localhost:50651}, javascriptEnabled: true, networkConnectionEnabled: false, pageLoadStrategy: normal, platform: WINDOWS, platformName: WINDOWS, proxy: Proxy(), setWindowRect: true, strictFileInteractability: false, timeouts: {implicit: 0, pageLoad: 300000, script: 30000}, unhandledPromptBehavior: dismiss and notify, webauthn:extension:credBlob: true, webauthn:extension:largeBlob: true, webauthn:virtualAuthenticators: true}
Session ID: cbce06a4f8c0807bf63dd3c37c2a65b6
*** Element info: {Using=xpath, value=//*[@id='topnav']/tbody/tr[1]/td[5]/a/div[2]}
2021-11-05 07:28:05 INFO  .:166 - In Test Scenario CreateUser the method createUser execution status is :Fail
2021-11-05 07:28:05 INFO  .:131 - The execution of method deleteUser started here ...
2021-11-05 07:28:05 ERROR .:150 - there is an exception arised during the execution of the method deleteUser,The Exception :org.openqa.selenium.NoSuchElementException: no such element: Unable to locate element: {"method":"xpath","selector":"//span[text()='User1, Test']"}
  (Session info: chrome=95.0.4638.54)
For documentation on this error, please visit: https://www.seleniumhq.org/exceptions/no_such_element.html
Build info: version: '3.141.59', revision: 'e82be7d358', time: '2018-11-14T08:17:03'
System info: host: 'SUMAN', ip: '192.168.0.5', os.name: 'Windows 10', os.arch: 'amd64', os.version: '10.0', java.version: '16.0.1'
Driver info: org.openqa.selenium.chrome.ChromeDriver
Capabilities {acceptInsecureCerts: false, browserName: chrome, browserVersion: 95.0.4638.54, chrome: {chromedriverVersion: 94.0.4606.61 (418b78f5838ed..., userDataDir: C:\Users\SUMANC~1\AppData\L...}, goog:chromeOptions: {debuggerAddress: localhost:50651}, javascriptEnabled: true, networkConnectionEnabled: false, pageLoadStrategy: normal, platform: WINDOWS, platformName: WINDOWS, proxy: Proxy(), setWindowRect: true, strictFileInteractability: false, timeouts: {implicit: 0, pageLoad: 300000, script: 30000}, unhandledPromptBehavior: dismiss and notify, webauthn:extension:credBlob: true, webauthn:extension:largeBlob: true, webauthn:virtualAuthenticators: true}
Session ID: cbce06a4f8c0807bf63dd3c37c2a65b6
*** Element info: {Using=xpath, value=//span[text()='User1, Test']}
2021-11-05 07:28:06 INFO  .:166 - In Test Scenario CreateUser the method deleteUser execution status is :Fail
2021-11-05 07:28:07 INFO  .:76 - The execution of method logout started here ...
2021-11-05 07:28:07 ERROR .:91 - there is an exception arised during the execution of the method logout,The Exception :org.openqa.selenium.NoSuchElementException: no such element: Unable to locate element: {"method":"xpath","selector":"//a[text()='Logout']"}
  (Session info: chrome=95.0.4638.54)
For documentation on this error, please visit: https://www.seleniumhq.org/exceptions/no_such_element.html
Build info: version: '3.141.59', revision: 'e82be7d358', time: '2018-11-14T08:17:03'
System info: host: 'SUMAN', ip: '192.168.0.5', os.name: 'Windows 10', os.arch: 'amd64', os.version: '10.0', java.version: '16.0.1'
Driver info: org.openqa.selenium.chrome.ChromeDriver
Capabilities {acceptInsecureCerts: false, browserName: chrome, browserVersion: 95.0.4638.54, chrome: {chromedriverVersion: 94.0.4606.61 (418b78f5838ed..., userDataDir: C:\Users\SUMANC~1\AppData\L...}, goog:chromeOptions: {debuggerAddress: localhost:50651}, javascriptEnabled: true, networkConnectionEnabled: false, pageLoadStrategy: normal, platform: WINDOWS, platformName: WINDOWS, proxy: Proxy(), setWindowRect: true, strictFileInteractability: false, timeouts: {implicit: 0, pageLoad: 300000, script: 30000}, unhandledPromptBehavior: dismiss and notify, webauthn:extension:credBlob: true, webauthn:extension:largeBlob: true, webauthn:virtualAuthenticators: true}
Session ID: cbce06a4f8c0807bf63dd3c37c2a65b6
*** Element info: {Using=xpath, value=//a[text()='Logout']}
2021-11-05 07:28:07 INFO  .:166 - In Test Scenario CreateUser the method logout execution status is :Fail
2021-11-05 07:28:08 INFO  .:121 - The execution of method closeApplication started here ...
2021-11-05 07:28:10 INFO  .:124 - The execution of method closeApplication ended here ...
2021-11-05 07:28:10 INFO  .:166 - In Test Scenario CreateUser the method closeApplication execution status is :Pass
2021-11-05 07:28:10 INFO  .:180 - +++++++++++++++++++++++++++++++
2021-11-05 07:28:15 INFO  .:86 - The execution of method navigate started here ...
2021-11-05 07:28:21 ERROR .:101 - there is an exception arised during the execution of the method navigate,The Exception :org.openqa.selenium.WebDriverException: unknown error: cannot determine loading status
from disconnected: received Inspector.detached event
  (Session info: chrome=95.0.4638.54)
Build info: version: '3.141.59', revision: 'e82be7d358', time: '2018-11-14T08:17:03'
System info: host: 'SUMAN', ip: '192.168.0.5', os.name: 'Windows 10', os.arch: 'amd64', os.version: '10.0', java.version: '16.0.1'
Driver info: org.openqa.selenium.chrome.ChromeDriver
Capabilities {acceptInsecureCerts: false, browserName: chrome, browserVersion: 95.0.4638.54, chrome: {chromedriverVersion: 94.0.4606.61 (418b78f5838ed..., userDataDir: C:\Users\SUMANC~1\AppData\L...}, goog:chromeOptions: {debuggerAddress: localhost:55297}, javascriptEnabled: true, networkConnectionEnabled: false, pageLoadStrategy: normal, platform: WINDOWS, platformName: WINDOWS, proxy: Proxy(), setWindowRect: true, strictFileInteractability: false, timeouts: {implicit: 0, pageLoad: 300000, script: 30000}, unhandledPromptBehavior: dismiss and notify, webauthn:extension:credBlob: true, webauthn:extension:largeBlob: true, webauthn:virtualAuthenticators: true}
Session ID: 10c2d40798b1d6bc824c2c80585f53f0
2021-11-05 07:33:08 INFO  .:69 - The execution of method loadFiles started here ...
2021-11-05 07:33:08 INFO  .:84 - The execution of method loadFiles ended here ...
2021-11-05 07:33:20 INFO  .:86 - The execution of method navigate started here ...
2021-11-05 07:33:30 INFO  .:98 - The execution of method navigate ended here ...
2021-11-05 07:33:30 INFO  .:166 - In Test Scenario Login the method navigate execution status is :Pass
2021-11-05 07:33:32 INFO  .:32 - The execution of method login started here ...
2021-11-05 07:33:39 INFO  .:50 - The execution of method login ended here ...
2021-11-05 07:33:39 INFO  .:166 - In Test Scenario Login the method login execution status is :Pass
2021-11-05 07:33:42 INFO  .:166 - In Test Scenario Login the method minimizeFlyOutWindow execution status is :Pass
2021-11-05 07:33:43 INFO  .:76 - The execution of method logout started here ...
2021-11-05 07:33:48 INFO  .:88 - The execution of method logout ended here ...
2021-11-05 07:33:48 INFO  .:166 - In Test Scenario Login the method logout execution status is :Pass
2021-11-05 07:33:49 INFO  .:121 - The execution of method closeApplication started here ...
2021-11-05 07:33:53 INFO  .:124 - The execution of method closeApplication ended here ...
2021-11-05 07:33:53 INFO  .:166 - In Test Scenario Login the method closeApplication execution status is :Pass
2021-11-05 07:33:53 INFO  .:180 - +++++++++++++++++++++++++++++++
2021-11-05 07:33:57 INFO  .:86 - The execution of method navigate started here ...
2021-11-05 07:34:04 INFO  .:98 - The execution of method navigate ended here ...
2021-11-05 07:34:04 INFO  .:166 - In Test Scenario CreateUser the method navigate execution status is :Pass
2021-11-05 07:34:05 INFO  .:32 - The execution of method login started here ...
2021-11-05 07:34:11 INFO  .:50 - The execution of method login ended here ...
2021-11-05 07:34:11 INFO  .:166 - In Test Scenario CreateUser the method login execution status is :Pass
2021-11-05 07:34:14 INFO  .:166 - In Test Scenario CreateUser the method minimizeFlyOutWindow execution status is :Pass
2021-11-05 07:34:14 INFO  .:32 - The execution of method createUser started here ...
2021-11-05 07:34:34 INFO  .:60 - The execution of method createUser ended here ...
2021-11-05 07:34:34 INFO  .:166 - In Test Scenario CreateUser the method createUser execution status is :Pass
2021-11-05 07:34:34 INFO  .:131 - The execution of method deleteUser started here ...
2021-11-05 07:34:44 INFO  .:147 - The execution of method deleteUser ended here ...
2021-11-05 07:34:44 INFO  .:166 - In Test Scenario CreateUser the method deleteUser execution status is :Pass
2021-11-05 07:34:45 INFO  .:76 - The execution of method logout started here ...
2021-11-05 07:34:50 INFO  .:88 - The execution of method logout ended here ...
2021-11-05 07:34:50 INFO  .:166 - In Test Scenario CreateUser the method logout execution status is :Pass
2021-11-05 07:34:50 INFO  .:121 - The execution of method closeApplication started here ...
2021-11-05 07:34:50 INFO  .:124 - The execution of method closeApplication ended here ...
2021-11-05 07:34:50 INFO  .:166 - In Test Scenario CreateUser the method closeApplication execution status is :Pass
2021-11-05 07:34:50 INFO  .:180 - +++++++++++++++++++++++++++++++
2021-11-05 07:34:54 INFO  .:86 - The execution of method navigate started here ...
2021-11-05 07:35:02 INFO  .:98 - The execution of method navigate ended here ...
2021-11-05 07:35:02 INFO  .:166 - In Test Scenario ModifyUser the method navigate execution status is :Pass
2021-11-05 07:35:03 INFO  .:32 - The execution of method login started here ...
2021-11-05 07:35:09 INFO  .:50 - The execution of method login ended here ...
2021-11-05 07:35:09 INFO  .:166 - In Test Scenario ModifyUser the method login execution status is :Pass
2021-11-05 07:35:11 INFO  .:166 - In Test Scenario ModifyUser the method minimizeFlyOutWindow execution status is :Pass
2021-11-05 07:35:12 INFO  .:32 - The execution of method createUser started here ...
2021-11-05 07:35:30 INFO  .:60 - The execution of method createUser ended here ...
2021-11-05 07:35:30 INFO  .:166 - In Test Scenario ModifyUser the method createUser execution status is :Pass
2021-11-05 07:35:30 INFO  .:86 - The execution of method modifyUser started here ...
2021-11-05 07:35:41 INFO  .:106 - The execution of method modifyUser ended here ...
2021-11-05 07:35:41 INFO  .:166 - In Test Scenario ModifyUser the method modifyUser execution status is :Fail
2021-11-05 07:35:42 INFO  .:131 - The execution of method deleteUser started here ...
2021-11-05 07:35:51 INFO  .:147 - The execution of method deleteUser ended here ...
2021-11-05 07:35:51 INFO  .:166 - In Test Scenario ModifyUser the method deleteUser execution status is :Pass
2021-11-05 07:35:51 INFO  .:76 - The execution of method logout started here ...
2021-11-05 07:35:56 INFO  .:88 - The execution of method logout ended here ...
2021-11-05 07:35:56 INFO  .:166 - In Test Scenario ModifyUser the method logout execution status is :Pass
2021-11-05 07:35:56 INFO  .:121 - The execution of method closeApplication started here ...
2021-11-05 07:35:57 INFO  .:124 - The execution of method closeApplication ended here ...
2021-11-05 07:35:57 INFO  .:166 - In Test Scenario ModifyUser the method closeApplication execution status is :Pass
2021-11-05 07:35:57 INFO  .:180 - +++++++++++++++++++++++++++++++
2021-11-05 07:35:57 INFO  .:180 - +++++++++++++++++++++++++++++++
2021-11-05 07:35:58 INFO  .:180 - +++++++++++++++++++++++++++++++
2021-11-05 07:35:58 INFO  .:180 - +++++++++++++++++++++++++++++++
2021-11-05 07:35:58 INFO  .:180 - +++++++++++++++++++++++++++++++
2021-11-05 07:35:58 INFO  .:183 - The execution of method executeTestScenarios ended here ...
2021-11-05 07:35:58 INFO  .:205 - The execution of method endAutomationSuite ended here ...
2021-11-05 07:35:59 INFO  .:208 - The execution of method endAutomationSuite ended here ...
2021-11-08 12:17:30 INFO  .:69 - The execution of method loadFiles started here ...
2021-11-08 12:17:30 INFO  .:84 - The execution of method loadFiles ended here ...
2021-11-08 12:17:45 INFO  .:86 - The execution of method navigate started here ...
2021-11-08 12:17:53 INFO  .:98 - The execution of method navigate ended here ...
2021-11-08 12:17:53 INFO  .:166 - In Test Scenario Login the method navigate execution status is :Pass
2021-11-08 12:17:55 INFO  .:32 - The execution of method login started here ...
2021-11-08 12:18:02 INFO  .:50 - The execution of method login ended here ...
2021-11-08 12:18:02 INFO  .:166 - In Test Scenario Login the method login execution status is :Pass
2021-11-08 12:18:05 INFO  .:166 - In Test Scenario Login the method minimizeFlyOutWindow execution status is :Pass
2021-11-08 12:18:05 INFO  .:76 - The execution of method logout started here ...
2021-11-08 12:18:10 INFO  .:88 - The execution of method logout ended here ...
2021-11-08 12:18:10 INFO  .:166 - In Test Scenario Login the method logout execution status is :Pass
2021-11-08 12:18:11 INFO  .:121 - The execution of method closeApplication started here ...
2021-11-08 12:18:12 INFO  .:124 - The execution of method closeApplication ended here ...
2021-11-08 12:18:12 INFO  .:166 - In Test Scenario Login the method closeApplication execution status is :Pass
2021-11-08 12:18:12 INFO  .:180 - +++++++++++++++++++++++++++++++
2021-11-08 12:18:16 INFO  .:86 - The execution of method navigate started here ...
2021-11-08 12:18:25 INFO  .:98 - The execution of method navigate ended here ...
2021-11-08 12:18:25 INFO  .:166 - In Test Scenario CreateUser the method navigate execution status is :Pass
2021-11-08 12:18:25 INFO  .:32 - The execution of method login started here ...
2021-11-08 12:18:31 INFO  .:50 - The execution of method login ended here ...
2021-11-08 12:18:31 INFO  .:166 - In Test Scenario CreateUser the method login execution status is :Pass
2021-11-08 12:18:33 INFO  .:166 - In Test Scenario CreateUser the method minimizeFlyOutWindow execution status is :Pass
2021-11-08 12:18:34 INFO  .:32 - The execution of method createUser started here ...
2021-11-08 12:18:57 INFO  .:60 - The execution of method createUser ended here ...
2021-11-08 12:18:57 INFO  .:166 - In Test Scenario CreateUser the method createUser execution status is :Pass
2021-11-08 12:18:57 INFO  .:131 - The execution of method deleteUser started here ...
2021-11-08 12:19:07 INFO  .:147 - The execution of method deleteUser ended here ...
2021-11-08 12:19:07 INFO  .:166 - In Test Scenario CreateUser the method deleteUser execution status is :Pass
2021-11-08 12:19:07 INFO  .:76 - The execution of method logout started here ...
2021-11-08 12:19:12 INFO  .:88 - The execution of method logout ended here ...
2021-11-08 12:19:12 INFO  .:166 - In Test Scenario CreateUser the method logout execution status is :Pass
2021-11-08 12:19:12 INFO  .:121 - The execution of method closeApplication started here ...
2021-11-08 12:19:12 INFO  .:124 - The execution of method closeApplication ended here ...
2021-11-08 12:19:12 INFO  .:166 - In Test Scenario CreateUser the method closeApplication execution status is :Pass
2021-11-08 12:19:12 INFO  .:180 - +++++++++++++++++++++++++++++++
2021-11-08 12:19:16 INFO  .:86 - The execution of method navigate started here ...
2021-11-08 12:19:24 INFO  .:98 - The execution of method navigate ended here ...
2021-11-08 12:19:24 INFO  .:166 - In Test Scenario ModifyUser the method navigate execution status is :Pass
2021-11-08 12:19:24 INFO  .:32 - The execution of method login started here ...
2021-11-08 12:19:30 INFO  .:50 - The execution of method login ended here ...
2021-11-08 12:19:30 INFO  .:166 - In Test Scenario ModifyUser the method login execution status is :Pass
2021-11-08 12:19:32 INFO  .:166 - In Test Scenario ModifyUser the method minimizeFlyOutWindow execution status is :Pass
2021-11-08 12:19:32 INFO  .:32 - The execution of method createUser started here ...
2021-11-08 12:19:47 INFO  .:60 - The execution of method createUser ended here ...
2021-11-08 12:19:47 INFO  .:166 - In Test Scenario ModifyUser the method createUser execution status is :Pass
2021-11-08 12:19:48 INFO  .:86 - The execution of method modifyUser started here ...
2021-11-08 12:19:57 INFO  .:106 - The execution of method modifyUser ended here ...
2021-11-08 12:19:58 INFO  .:166 - In Test Scenario ModifyUser the method modifyUser execution status is :Fail
2021-11-08 12:19:58 INFO  .:131 - The execution of method deleteUser started here ...
2021-11-08 12:20:07 INFO  .:147 - The execution of method deleteUser ended here ...
2021-11-08 12:20:07 INFO  .:166 - In Test Scenario ModifyUser the method deleteUser execution status is :Pass
2021-11-08 12:20:07 INFO  .:76 - The execution of method logout started here ...
2021-11-08 12:20:12 INFO  .:88 - The execution of method logout ended here ...
2021-11-08 12:20:12 INFO  .:166 - In Test Scenario ModifyUser the method logout execution status is :Pass
2021-11-08 12:20:12 INFO  .:121 - The execution of method closeApplication started here ...
2021-11-08 12:20:13 INFO  .:124 - The execution of method closeApplication ended here ...
2021-11-08 12:20:13 INFO  .:166 - In Test Scenario ModifyUser the method closeApplication execution status is :Pass
2021-11-08 12:20:13 INFO  .:180 - +++++++++++++++++++++++++++++++
2021-11-08 12:20:13 INFO  .:180 - +++++++++++++++++++++++++++++++
2021-11-08 12:20:13 INFO  .:180 - +++++++++++++++++++++++++++++++
2021-11-08 12:20:13 INFO  .:180 - +++++++++++++++++++++++++++++++
2021-11-08 12:20:13 INFO  .:180 - +++++++++++++++++++++++++++++++
2021-11-08 12:20:13 INFO  .:183 - The execution of method executeTestScenarios ended here ...
2021-11-08 12:20:13 INFO  .:205 - The execution of method endAutomationSuite ended here ...
2021-11-08 12:20:14 INFO  .:208 - The execution of method endAutomationSuite ended here ...
2021-11-15 21:18:08 INFO  .:69 - The execution of method loadFiles started here ...
2021-11-15 21:18:08 INFO  .:84 - The execution of method loadFiles ended here ...
2021-11-15 21:18:24 INFO  .:86 - The execution of method navigate started here ...
2021-11-15 21:18:33 INFO  .:98 - The execution of method navigate ended here ...
2021-11-15 21:18:33 INFO  .:166 - In Test Scenario Login the method navigate execution status is :Pass
2021-11-15 21:18:35 INFO  .:32 - The execution of method login started here ...
2021-11-15 21:18:41 INFO  .:50 - The execution of method login ended here ...
2021-11-15 21:18:41 INFO  .:166 - In Test Scenario Login the method login execution status is :Pass
2021-11-15 21:18:45 INFO  .:166 - In Test Scenario Login the method minimizeFlyOutWindow execution status is :Pass
2021-11-15 21:18:46 INFO  .:76 - The execution of method logout started here ...
2021-11-15 21:18:53 INFO  .:88 - The execution of method logout ended here ...
2021-11-15 21:18:53 INFO  .:166 - In Test Scenario Login the method logout execution status is :Pass
2021-11-15 21:18:54 INFO  .:121 - The execution of method closeApplication started here ...
2021-11-15 21:18:55 INFO  .:124 - The execution of method closeApplication ended here ...
2021-11-15 21:18:55 INFO  .:166 - In Test Scenario Login the method closeApplication execution status is :Pass
2021-11-15 21:18:55 INFO  .:180 - +++++++++++++++++++++++++++++++
2021-11-15 21:19:03 INFO  .:86 - The execution of method navigate started here ...
2021-11-15 21:19:12 INFO  .:98 - The execution of method navigate ended here ...
2021-11-15 21:19:12 INFO  .:166 - In Test Scenario CreateUser the method navigate execution status is :Pass
2021-11-15 21:19:13 INFO  .:32 - The execution of method login started here ...
2021-11-15 21:19:19 INFO  .:50 - The execution of method login ended here ...
2021-11-15 21:19:19 INFO  .:166 - In Test Scenario CreateUser the method login execution status is :Pass
2021-11-15 21:19:22 INFO  .:166 - In Test Scenario CreateUser the method minimizeFlyOutWindow execution status is :Pass
2021-11-15 21:19:23 INFO  .:32 - The execution of method createUser started here ...
2021-11-15 21:19:43 INFO  .:60 - The execution of method createUser ended here ...
2021-11-15 21:19:43 INFO  .:166 - In Test Scenario CreateUser the method createUser execution status is :Pass
2021-11-15 21:19:44 INFO  .:131 - The execution of method deleteUser started here ...
2021-11-15 21:19:54 INFO  .:147 - The execution of method deleteUser ended here ...
2021-11-15 21:19:54 INFO  .:166 - In Test Scenario CreateUser the method deleteUser execution status is :Pass
2021-11-15 21:19:54 INFO  .:76 - The execution of method logout started here ...
2021-11-15 21:20:00 INFO  .:88 - The execution of method logout ended here ...
2021-11-15 21:20:00 INFO  .:166 - In Test Scenario CreateUser the method logout execution status is :Pass
2021-11-15 21:20:00 INFO  .:121 - The execution of method closeApplication started here ...
2021-11-15 21:20:05 INFO  .:124 - The execution of method closeApplication ended here ...
2021-11-15 21:20:05 INFO  .:166 - In Test Scenario CreateUser the method closeApplication execution status is :Pass
2021-11-15 21:20:05 INFO  .:180 - +++++++++++++++++++++++++++++++
2021-11-15 21:20:11 INFO  .:86 - The execution of method navigate started here ...
2021-11-15 21:20:31 ERROR .:101 - there is an exception arised during the execution of the method navigate,The Exception :org.openqa.selenium.WebDriverException: chrome not reachable
  (Session info: chrome=95.0.4638.69)
Build info: version: '3.141.59', revision: 'e82be7d358', time: '2018-11-14T08:17:03'
System info: host: 'SUMAN', ip: '192.168.0.5', os.name: 'Windows 10', os.arch: 'amd64', os.version: '10.0', java.version: '1.8.0_102'
Driver info: org.openqa.selenium.chrome.ChromeDriver
Capabilities {acceptInsecureCerts: false, browserName: chrome, browserVersion: 95.0.4638.69, chrome: {chromedriverVersion: 94.0.4606.61 (418b78f5838ed..., userDataDir: C:\Users\SUMANC~1\AppData\L...}, goog:chromeOptions: {debuggerAddress: localhost:54446}, javascriptEnabled: true, networkConnectionEnabled: false, pageLoadStrategy: normal, platform: WINDOWS, platformName: WINDOWS, proxy: Proxy(), setWindowRect: true, strictFileInteractability: false, timeouts: {implicit: 0, pageLoad: 300000, script: 30000}, unhandledPromptBehavior: dismiss and notify, webauthn:extension:credBlob: true, webauthn:extension:largeBlob: true, webauthn:virtualAuthenticators: true}
Session ID: bfa5b4112fbd7e833f1be8b72b08afdb
2021-11-15 21:20:43 INFO  .:166 - In Test Scenario ModifyUser the method navigate execution status is :Fail
2021-11-15 21:20:44 INFO  .:32 - The execution of method login started here ...
2021-11-15 21:20:56 ERROR .:53 - there is an exception arised during the execution of the method login,The Exception :org.openqa.selenium.WebDriverException: chrome not reachable
  (Session info: chrome=95.0.4638.69)
Build info: version: '3.141.59', revision: 'e82be7d358', time: '2018-11-14T08:17:03'
System info: host: 'SUMAN', ip: '192.168.0.5', os.name: 'Windows 10', os.arch: 'amd64', os.version: '10.0', java.version: '1.8.0_102'
Driver info: org.openqa.selenium.chrome.ChromeDriver
Capabilities {acceptInsecureCerts: false, browserName: chrome, browserVersion: 95.0.4638.69, chrome: {chromedriverVersion: 94.0.4606.61 (418b78f5838ed..., userDataDir: C:\Users\SUMANC~1\AppData\L...}, goog:chromeOptions: {debuggerAddress: localhost:54446}, javascriptEnabled: true, networkConnectionEnabled: false, pageLoadStrategy: normal, platform: WINDOWS, platformName: WINDOWS, proxy: Proxy(), setWindowRect: true, strictFileInteractability: false, timeouts: {implicit: 0, pageLoad: 300000, script: 30000}, unhandledPromptBehavior: dismiss and notify, webauthn:extension:credBlob: true, webauthn:extension:largeBlob: true, webauthn:virtualAuthenticators: true}
Session ID: bfa5b4112fbd7e833f1be8b72b08afdb
*** Element info: {Using=id, value=username}
2021-11-15 21:21:08 INFO  .:166 - In Test Scenario ModifyUser the method login execution status is :Fail
2021-11-15 21:21:34 INFO  .:166 - In Test Scenario ModifyUser the method minimizeFlyOutWindow execution status is :Fail
2021-11-15 21:21:34 INFO  .:32 - The execution of method createUser started here ...
2021-11-15 21:21:47 ERROR .:63 - there is an exception arised during the execution of the method createUser,The Exception :org.openqa.selenium.WebDriverException: chrome not reachable
  (Session info: chrome=95.0.4638.69)
Build info: version: '3.141.59', revision: 'e82be7d358', time: '2018-11-14T08:17:03'
System info: host: 'SUMAN', ip: '192.168.0.5', os.name: 'Windows 10', os.arch: 'amd64', os.version: '10.0', java.version: '1.8.0_102'
Driver info: org.openqa.selenium.chrome.ChromeDriver
Capabilities {acceptInsecureCerts: false, browserName: chrome, browserVersion: 95.0.4638.69, chrome: {chromedriverVersion: 94.0.4606.61 (418b78f5838ed..., userDataDir: C:\Users\SUMANC~1\AppData\L...}, goog:chromeOptions: {debuggerAddress: localhost:54446}, javascriptEnabled: true, networkConnectionEnabled: false, pageLoadStrategy: normal, platform: WINDOWS, platformName: WINDOWS, proxy: Proxy(), setWindowRect: true, strictFileInteractability: false, timeouts: {implicit: 0, pageLoad: 300000, script: 30000}, unhandledPromptBehavior: dismiss and notify, webauthn:extension:credBlob: true, webauthn:extension:largeBlob: true, webauthn:virtualAuthenticators: true}
Session ID: bfa5b4112fbd7e833f1be8b72b08afdb
*** Element info: {Using=xpath, value=//*[@id='topnav']/tbody/tr[1]/td[5]/a/div[2]}
2021-11-15 21:21:59 INFO  .:166 - In Test Scenario ModifyUser the method createUser execution status is :Fail
2021-11-15 21:21:59 INFO  .:86 - The execution of method modifyUser started here ...
2021-11-15 21:22:11 ERROR .:109 - there is an exception arised during the execution of the method modifyUser,The Exception :org.openqa.selenium.WebDriverException: chrome not reachable
  (Session info: chrome=95.0.4638.69)
Build info: version: '3.141.59', revision: 'e82be7d358', time: '2018-11-14T08:17:03'
System info: host: 'SUMAN', ip: '192.168.0.5', os.name: 'Windows 10', os.arch: 'amd64', os.version: '10.0', java.version: '1.8.0_102'
Driver info: org.openqa.selenium.chrome.ChromeDriver
Capabilities {acceptInsecureCerts: false, browserName: chrome, browserVersion: 95.0.4638.69, chrome: {chromedriverVersion: 94.0.4606.61 (418b78f5838ed..., userDataDir: C:\Users\SUMANC~1\AppData\L...}, goog:chromeOptions: {debuggerAddress: localhost:54446}, javascriptEnabled: true, networkConnectionEnabled: false, pageLoadStrategy: normal, platform: WINDOWS, platformName: WINDOWS, proxy: Proxy(), setWindowRect: true, strictFileInteractability: false, timeouts: {implicit: 0, pageLoad: 300000, script: 30000}, unhandledPromptBehavior: dismiss and notify, webauthn:extension:credBlob: true, webauthn:extension:largeBlob: true, webauthn:virtualAuthenticators: true}
Session ID: bfa5b4112fbd7e833f1be8b72b08afdb
*** Element info: {Using=xpath, value=//span[text()='User1, Test']}
2021-11-15 21:22:24 INFO  .:166 - In Test Scenario ModifyUser the method modifyUser execution status is :Fail
2021-11-15 21:22:24 INFO  .:131 - The execution of method deleteUser started here ...
2021-11-15 21:22:36 ERROR .:150 - there is an exception arised during the execution of the method deleteUser,The Exception :org.openqa.selenium.WebDriverException: chrome not reachable
  (Session info: chrome=95.0.4638.69)
Build info: version: '3.141.59', revision: 'e82be7d358', time: '2018-11-14T08:17:03'
System info: host: 'SUMAN', ip: '192.168.0.5', os.name: 'Windows 10', os.arch: 'amd64', os.version: '10.0', java.version: '1.8.0_102'
Driver info: org.openqa.selenium.chrome.ChromeDriver
Capabilities {acceptInsecureCerts: false, browserName: chrome, browserVersion: 95.0.4638.69, chrome: {chromedriverVersion: 94.0.4606.61 (418b78f5838ed..., userDataDir: C:\Users\SUMANC~1\AppData\L...}, goog:chromeOptions: {debuggerAddress: localhost:54446}, javascriptEnabled: true, networkConnectionEnabled: false, pageLoadStrategy: normal, platform: WINDOWS, platformName: WINDOWS, proxy: Proxy(), setWindowRect: true, strictFileInteractability: false, timeouts: {implicit: 0, pageLoad: 300000, script: 30000}, unhandledPromptBehavior: dismiss and notify, webauthn:extension:credBlob: true, webauthn:extension:largeBlob: true, webauthn:virtualAuthenticators: true}
Session ID: bfa5b4112fbd7e833f1be8b72b08afdb
*** Element info: {Using=xpath, value=//span[text()='User1, Test']}
2021-11-15 21:22:48 INFO  .:166 - In Test Scenario ModifyUser the method deleteUser execution status is :Fail
2021-11-15 21:22:49 INFO  .:76 - The execution of method logout started here ...
2021-11-15 21:23:01 ERROR .:91 - there is an exception arised during the execution of the method logout,The Exception :org.openqa.selenium.WebDriverException: chrome not reachable
  (Session info: chrome=95.0.4638.69)
Build info: version: '3.141.59', revision: 'e82be7d358', time: '2018-11-14T08:17:03'
System info: host: 'SUMAN', ip: '192.168.0.5', os.name: 'Windows 10', os.arch: 'amd64', os.version: '10.0', java.version: '1.8.0_102'
Driver info: org.openqa.selenium.chrome.ChromeDriver
Capabilities {acceptInsecureCerts: false, browserName: chrome, browserVersion: 95.0.4638.69, chrome: {chromedriverVersion: 94.0.4606.61 (418b78f5838ed..., userDataDir: C:\Users\SUMANC~1\AppData\L...}, goog:chromeOptions: {debuggerAddress: localhost:54446}, javascriptEnabled: true, networkConnectionEnabled: false, pageLoadStrategy: normal, platform: WINDOWS, platformName: WINDOWS, proxy: Proxy(), setWindowRect: true, strictFileInteractability: false, timeouts: {implicit: 0, pageLoad: 300000, script: 30000}, unhandledPromptBehavior: dismiss and notify, webauthn:extension:credBlob: true, webauthn:extension:largeBlob: true, webauthn:virtualAuthenticators: true}
Session ID: bfa5b4112fbd7e833f1be8b72b08afdb
*** Element info: {Using=xpath, value=//a[text()='Logout']}
2021-11-15 21:23:13 INFO  .:166 - In Test Scenario ModifyUser the method logout execution status is :Fail
2021-11-15 21:23:14 INFO  .:121 - The execution of method closeApplication started here ...
2021-11-15 21:23:18 ERROR .:127 - there is an exception arised during the execution of the method closeApplication,The Exception :org.openqa.selenium.WebDriverException: chrome not reachable
  (Session info: chrome=95.0.4638.69)
Build info: version: '3.141.59', revision: 'e82be7d358', time: '2018-11-14T08:17:03'
System info: host: 'SUMAN', ip: '192.168.0.5', os.name: 'Windows 10', os.arch: 'amd64', os.version: '10.0', java.version: '1.8.0_102'
Driver info: org.openqa.selenium.chrome.ChromeDriver
Capabilities {acceptInsecureCerts: false, browserName: chrome, browserVersion: 95.0.4638.69, chrome: {chromedriverVersion: 94.0.4606.61 (418b78f5838ed..., userDataDir: C:\Users\SUMANC~1\AppData\L...}, goog:chromeOptions: {debuggerAddress: localhost:54446}, javascriptEnabled: true, networkConnectionEnabled: false, pageLoadStrategy: normal, platform: WINDOWS, platformName: WINDOWS, proxy: Proxy(), setWindowRect: true, strictFileInteractability: false, timeouts: {implicit: 0, pageLoad: 300000, script: 30000}, unhandledPromptBehavior: dismiss and notify, webauthn:extension:credBlob: true, webauthn:extension:largeBlob: true, webauthn:virtualAuthenticators: true}
Session ID: bfa5b4112fbd7e833f1be8b72b08afdb
2021-11-15 21:23:30 INFO  .:166 - In Test Scenario ModifyUser the method closeApplication execution status is :Fail
2021-11-15 21:23:30 INFO  .:180 - +++++++++++++++++++++++++++++++
2021-11-15 21:23:30 INFO  .:180 - +++++++++++++++++++++++++++++++
2021-11-15 21:23:30 INFO  .:180 - +++++++++++++++++++++++++++++++
2021-11-15 21:23:30 INFO  .:180 - +++++++++++++++++++++++++++++++
2021-11-15 21:23:31 INFO  .:180 - +++++++++++++++++++++++++++++++
2021-11-15 21:23:31 INFO  .:183 - The execution of method executeTestScenarios ended here ...
2021-11-15 21:23:31 INFO  .:205 - The execution of method endAutomationSuite ended here ...
2021-11-15 21:23:31 INFO  .:208 - The execution of method endAutomationSuite ended here ...
